<?xml version="1.0" encoding="UTF-8"?>
<!-- Generated by org.testng.reporters.JUnitXMLReporter -->
<testsuite hostname="Dell-New" ignored="0" name="Parameterization Example1" tests="4" failures="0" timestamp="2020-05-16T20:56:26 IST" time="22.172" errors="0">
  <testcase name="InitiateBrowser" time="8.372" classname="module5.Parametrization"/>
  <testcase name="OpenAUT" time="3.268" classname="module5.Parametrization"/>
  <testcase name="Login" time="6.905" classname="module5.Parametrization"/>
  <testcase name="Logout" time="3.408" classname="module5.Parametrization"/>
</testsuite> <!-- Parameterization Example1 -->
