<?xml version="1.0" encoding="UTF-8"?>
<!-- Generated by org.testng.reporters.JUnitXMLReporter -->
<testsuite hostname="Dell-New" ignored="0" name="pc1" tests="4" failures="0" timestamp="2020-05-23T21:40:56 IST" time="8.729" errors="0">
  <testcase name="openBrowser" time="6.036" classname="module8.GRIDTest"/>
  <testcase name="openBrowser" time="7.74" classname="module8.GRIDTest"/>
  <testcase name="OpenAUT" time="2.61" classname="module8.GRIDTest"/>
  <testcase name="Validate" time="0.017" classname="module8.GRIDTest"/>
</testsuite> <!-- pc1 -->
