<?xml version="1.0" encoding="UTF-8"?>
<!-- Generated by org.testng.reporters.JUnitXMLReporter -->
<testsuite hostname="Dell-New" ignored="4" name="Run Specific Group" tests="5" failures="0" timestamp="2020-05-10T23:13:38 IST" time="0.097" errors="0">
  <testcase name="TC2" time="0.017" classname="module5.Grouping"/>
  <testcase name="TC3" time="0.002" classname="module5.Grouping"/>
  <testcase name="TC6" time="0.003" classname="module5.Grouping"/>
  <testcase name="TC5" time="0.002" classname="module5.Grouping"/>
  <testcase name="TC8" time="0.001" classname="module5.Grouping"/>
  <testcase name="TC1" time="0.0" classname="module5.Grouping">
    <ignored/>
  </testcase> <!-- TC1 -->
  <testcase name="TC4" time="0.0" classname="module5.Grouping">
    <ignored/>
  </testcase> <!-- TC4 -->
  <testcase name="TC7" time="0.0" classname="module5.Grouping">
    <ignored/>
  </testcase> <!-- TC7 -->
  <testcase name="TC9" time="0.0" classname="module5.Grouping">
    <ignored/>
  </testcase> <!-- TC9 -->
</testsuite> <!-- Run Specific Group -->
