<?xml version="1.0" encoding="UTF-8"?>
<testng-results skipped="0" failed="0" ignored="0" total="10" passed="10">
  <reporter-output>
  </reporter-output>
  <suite name="Default suite" duration-ms="3921" started-at="2020-05-30T22:26:02 IST" finished-at="2020-05-30T22:26:06 IST">
    <groups>
    </groups>
    <test name="Default test" duration-ms="3921" started-at="2020-05-30T22:26:02 IST" finished-at="2020-05-30T22:26:06 IST">
      <class name="module10.testCase.Execution">
        <test-method status="PASS" signature="setup()[pri:0, instance:module10.testCase.Execution@7fac631b]" name="setup" is-config="true" duration-ms="6917" started-at="2020-05-30T22:25:55 IST" finished-at="2020-05-30T22:26:02 IST">
          <reporter-output>
          </reporter-output>
        </test-method> <!-- setup -->
        <test-method status="PASS" signature="FormFill(java.lang.String, java.lang.String, java.lang.String)[pri:0, instance:module10.testCase.Execution@7fac631b]" name="FormFill" duration-ms="443" started-at="2020-05-30T22:26:03 IST" data-provider="testDataFeed" finished-at="2020-05-30T22:26:03 IST">
          <params>
            <param index="0">
              <value>
                <![CDATA[Amit]]>
              </value>
            </param>
            <param index="1">
              <value>
                <![CDATA[Jain]]>
              </value>
            </param>
            <param index="2">
              <value>
                <![CDATA[Gujrat]]>
              </value>
            </param>
          </params>
          <reporter-output>
          </reporter-output>
        </test-method> <!-- FormFill -->
        <test-method status="PASS" signature="FormFill(java.lang.String, java.lang.String, java.lang.String)[pri:0, instance:module10.testCase.Execution@7fac631b]" name="FormFill" duration-ms="285" started-at="2020-05-30T22:26:03 IST" data-provider="testDataFeed" finished-at="2020-05-30T22:26:04 IST">
          <params>
            <param index="0">
              <value>
                <![CDATA[Sam]]>
              </value>
            </param>
            <param index="1">
              <value>
                <![CDATA[Joseph]]>
              </value>
            </param>
            <param index="2">
              <value>
                <![CDATA[Goa]]>
              </value>
            </param>
          </params>
          <reporter-output>
          </reporter-output>
        </test-method> <!-- FormFill -->
        <test-method status="PASS" signature="FormFill(java.lang.String, java.lang.String, java.lang.String)[pri:0, instance:module10.testCase.Execution@7fac631b]" name="FormFill" duration-ms="316" started-at="2020-05-30T22:26:04 IST" data-provider="testDataFeed" finished-at="2020-05-30T22:26:04 IST">
          <params>
            <param index="0">
              <value>
                <![CDATA[Sumit]]>
              </value>
            </param>
            <param index="1">
              <value>
                <![CDATA[Pandey]]>
              </value>
            </param>
            <param index="2">
              <value>
                <![CDATA[Delhi]]>
              </value>
            </param>
          </params>
          <reporter-output>
          </reporter-output>
        </test-method> <!-- FormFill -->
        <test-method status="PASS" signature="FormFill(java.lang.String, java.lang.String, java.lang.String)[pri:0, instance:module10.testCase.Execution@7fac631b]" name="FormFill" duration-ms="331" started-at="2020-05-30T22:26:04 IST" data-provider="testDataFeed" finished-at="2020-05-30T22:26:04 IST">
          <params>
            <param index="0">
              <value>
                <![CDATA[James]]>
              </value>
            </param>
            <param index="1">
              <value>
                <![CDATA[Desuza]]>
              </value>
            </param>
            <param index="2">
              <value>
                <![CDATA[Mumbai]]>
              </value>
            </param>
          </params>
          <reporter-output>
          </reporter-output>
        </test-method> <!-- FormFill -->
        <test-method status="PASS" signature="FormFill(java.lang.String, java.lang.String, java.lang.String)[pri:0, instance:module10.testCase.Execution@7fac631b]" name="FormFill" duration-ms="315" started-at="2020-05-30T22:26:04 IST" data-provider="testDataFeed" finished-at="2020-05-30T22:26:05 IST">
          <params>
            <param index="0">
              <value>
                <![CDATA[Rohit]]>
              </value>
            </param>
            <param index="1">
              <value>
                <![CDATA[Joshi]]>
              </value>
            </param>
            <param index="2">
              <value>
                <![CDATA[Pune]]>
              </value>
            </param>
          </params>
          <reporter-output>
          </reporter-output>
        </test-method> <!-- FormFill -->
        <test-method status="PASS" signature="FormFill(java.lang.String, java.lang.String, java.lang.String)[pri:0, instance:module10.testCase.Execution@7fac631b]" name="FormFill" duration-ms="316" started-at="2020-05-30T22:26:05 IST" data-provider="testDataFeed" finished-at="2020-05-30T22:26:05 IST">
          <params>
            <param index="0">
              <value>
                <![CDATA[Jain]]>
              </value>
            </param>
            <param index="1">
              <value>
                <![CDATA[Amit]]>
              </value>
            </param>
            <param index="2">
              <value>
                <![CDATA[Gujrat]]>
              </value>
            </param>
          </params>
          <reporter-output>
          </reporter-output>
        </test-method> <!-- FormFill -->
        <test-method status="PASS" signature="FormFill(java.lang.String, java.lang.String, java.lang.String)[pri:0, instance:module10.testCase.Execution@7fac631b]" name="FormFill" duration-ms="296" started-at="2020-05-30T22:26:05 IST" data-provider="testDataFeed" finished-at="2020-05-30T22:26:05 IST">
          <params>
            <param index="0">
              <value>
                <![CDATA[Joseph]]>
              </value>
            </param>
            <param index="1">
              <value>
                <![CDATA[Sam]]>
              </value>
            </param>
            <param index="2">
              <value>
                <![CDATA[Goa]]>
              </value>
            </param>
          </params>
          <reporter-output>
          </reporter-output>
        </test-method> <!-- FormFill -->
        <test-method status="PASS" signature="FormFill(java.lang.String, java.lang.String, java.lang.String)[pri:0, instance:module10.testCase.Execution@7fac631b]" name="FormFill" duration-ms="329" started-at="2020-05-30T22:26:05 IST" data-provider="testDataFeed" finished-at="2020-05-30T22:26:06 IST">
          <params>
            <param index="0">
              <value>
                <![CDATA[Pandey]]>
              </value>
            </param>
            <param index="1">
              <value>
                <![CDATA[Sumit]]>
              </value>
            </param>
            <param index="2">
              <value>
                <![CDATA[Delhi]]>
              </value>
            </param>
          </params>
          <reporter-output>
          </reporter-output>
        </test-method> <!-- FormFill -->
        <test-method status="PASS" signature="FormFill(java.lang.String, java.lang.String, java.lang.String)[pri:0, instance:module10.testCase.Execution@7fac631b]" name="FormFill" duration-ms="338" started-at="2020-05-30T22:26:06 IST" data-provider="testDataFeed" finished-at="2020-05-30T22:26:06 IST">
          <params>
            <param index="0">
              <value>
                <![CDATA[Desuza]]>
              </value>
            </param>
            <param index="1">
              <value>
                <![CDATA[James]]>
              </value>
            </param>
            <param index="2">
              <value>
                <![CDATA[Mumbai]]>
              </value>
            </param>
          </params>
          <reporter-output>
          </reporter-output>
        </test-method> <!-- FormFill -->
        <test-method status="PASS" signature="FormFill(java.lang.String, java.lang.String, java.lang.String)[pri:0, instance:module10.testCase.Execution@7fac631b]" name="FormFill" duration-ms="313" started-at="2020-05-30T22:26:06 IST" data-provider="testDataFeed" finished-at="2020-05-30T22:26:06 IST">
          <params>
            <param index="0">
              <value>
                <![CDATA[Joshi]]>
              </value>
            </param>
            <param index="1">
              <value>
                <![CDATA[Rohit]]>
              </value>
            </param>
            <param index="2">
              <value>
                <![CDATA[Pune]]>
              </value>
            </param>
          </params>
          <reporter-output>
          </reporter-output>
        </test-method> <!-- FormFill -->
        <test-method status="PASS" signature="ShutDown()[pri:0, instance:module10.testCase.Execution@7fac631b]" name="ShutDown" is-config="true" duration-ms="639" started-at="2020-05-30T22:26:06 IST" finished-at="2020-05-30T22:26:07 IST">
          <reporter-output>
          </reporter-output>
        </test-method> <!-- ShutDown -->
      </class> <!-- module10.testCase.Execution -->
    </test> <!-- Default test -->
  </suite> <!-- Default suite -->
</testng-results>
